Sun Jun 03 14:45:25 Saved as file C:\MEUS DOCUMENTOS\PROJETOS\BIESTAVEL\BIESTAVEL.MAX
Sun Jun 03 14:45:25 Saved as file BACKUP1.MAX
Sun Jun 03 14:45:25 Saved as file C:\MEUS DOCUMENTOS\PROJETOS\BIESTAVEL\BIESTAVEL.MAX
Sun Jun 03 14:45:26 UserDiv from Layout.INI for AutoECO: 60
Sun Jun 03 14:45:26 Loaded file C:\MEUS DOCUMENTOS\PROJETOS\BIESTAVEL\BIESTAVEL.MAX
Sun Jun 03 14:45:28 Loaded file C:\MEUS DOCUMENTOS\PROJETOS\TEMPLATE\BLIBIOTECA LAYOUT.LLB
Sun Jun 03 14:45:28 Loaded file C:\PROGRAM FILES\ORCAD\LAYOUT_PLUS\library\BCON100T.llb
Sun Jun 03 14:45:29 Loaded file C:\PROGRAM FILES\ORCAD\LAYOUT_PLUS\library\BCON156T.llb
Sun Jun 03 14:45:31 Loaded file C:\PROGRAM FILES\ORCAD\LAYOUT_PLUS\library\BGA.llb
Sun Jun 03 14:45:31 Loaded file C:\PROGRAM FILES\ORCAD\LAYOUT_PLUS\library\CLCC.llb
Sun Jun 03 14:45:31 Loaded file C:\PROGRAM FILES\ORCAD\LAYOUT_PLUS\library\DCON050T.llb
Sun Jun 03 14:45:32 Loaded file C:\PROGRAM FILES\ORCAD\LAYOUT_PLUS\library\DCON085T.llb
Sun Jun 03 14:45:32 Loaded file C:\PROGRAM FILES\ORCAD\LAYOUT_PLUS\library\DIMM050F.llb
Sun Jun 03 14:45:32 Loaded file C:\PROGRAM FILES\ORCAD\LAYOUT_PLUS\library\DIMM050T.llb
Sun Jun 03 14:45:32 Loaded file C:\PROGRAM FILES\ORCAD\LAYOUT_PLUS\library\DIN.llb
Sun Jun 03 14:45:32 Loaded file C:\PROGRAM FILES\ORCAD\LAYOUT_PLUS\library\DIP100B.llb
Sun Jun 03 14:45:32 Loaded file C:\PROGRAM FILES\ORCAD\LAYOUT_PLUS\library\DIP100T.llb
Sun Jun 03 14:45:33 Loaded file C:\PROGRAM FILES\ORCAD\LAYOUT_PLUS\library\DSUBT.llb
Sun Jun 03 14:45:33 Loaded file C:\PROGRAM FILES\ORCAD\LAYOUT_PLUS\library\DSUBT_HD.LLB
Sun Jun 03 14:45:33 Loaded file C:\PROGRAM FILES\ORCAD\LAYOUT_PLUS\library\ECON100T.llb
Sun Jun 03 14:45:33 Loaded file C:\PROGRAM FILES\ORCAD\LAYOUT_PLUS\library\FBUS.llb
Sun Jun 03 14:45:33 Loaded file C:\PROGRAM FILES\ORCAD\LAYOUT_PLUS\library\ISA.llb
Sun Jun 03 14:45:33 Loaded file C:\PROGRAM FILES\ORCAD\LAYOUT_PLUS\library\JUMPER.LLB
Sun Jun 03 14:45:33 Loaded file C:\PROGRAM FILES\ORCAD\LAYOUT_PLUS\library\LAYOUT.llb
Sun Jun 03 14:45:34 Loaded file C:\PROGRAM FILES\ORCAD\LAYOUT_PLUS\library\LCON100T.llb
Sun Jun 03 14:45:34 Loaded file C:\PROGRAM FILES\ORCAD\LAYOUT_PLUS\library\PC104.llb
Sun Jun 03 14:45:34 Loaded file C:\PROGRAM FILES\ORCAD\LAYOUT_PLUS\library\PCI.llb
Sun Jun 03 14:45:34 Loaded file C:\PROGRAM FILES\ORCAD\LAYOUT_PLUS\library\PCON100T.llb
Sun Jun 03 14:45:34 Loaded file C:\PROGRAM FILES\ORCAD\LAYOUT_PLUS\library\PCON156T.llb
Sun Jun 03 14:45:35 Loaded file C:\PROGRAM FILES\ORCAD\LAYOUT_PLUS\library\PGA.llb
Sun Jun 03 14:45:35 Loaded file C:\PROGRAM FILES\ORCAD\LAYOUT_PLUS\library\PLCC.llb
Sun Jun 03 14:45:36 Loaded file C:\PROGRAM FILES\ORCAD\LAYOUT_PLUS\library\QUAD.llb
Sun Jun 03 14:45:36 Loaded file C:\PROGRAM FILES\ORCAD\LAYOUT_PLUS\library\QUADB.llb
Sun Jun 03 14:45:36 Loaded file C:\PROGRAM FILES\ORCAD\LAYOUT_PLUS\library\RELAY.llb
Sun Jun 03 14:45:37 Loaded file C:\PROGRAM FILES\ORCAD\LAYOUT_PLUS\library\RF.llb
Sun Jun 03 14:45:37 Loaded file C:\PROGRAM FILES\ORCAD\LAYOUT_PLUS\library\SBUS.llb
Sun Jun 03 14:45:37 Loaded file C:\PROGRAM FILES\ORCAD\LAYOUT_PLUS\library\SIMM050F.llb
Sun Jun 03 14:45:37 Loaded file C:\PROGRAM FILES\ORCAD\LAYOUT_PLUS\library\SIMM050T.llb
Sun Jun 03 14:45:37 Loaded file C:\PROGRAM FILES\ORCAD\LAYOUT_PLUS\library\SIMM100F.llb
Sun Jun 03 14:45:37 Loaded file C:\PROGRAM FILES\ORCAD\LAYOUT_PLUS\library\SIMM100T.llb
Sun Jun 03 14:45:37 Loaded file C:\PROGRAM FILES\ORCAD\LAYOUT_PLUS\library\SIP.llb
Sun Jun 03 14:45:38 Loaded file C:\PROGRAM FILES\ORCAD\LAYOUT_PLUS\library\SM.llb
Sun Jun 03 14:45:38 Loaded file C:\PROGRAM FILES\ORCAD\LAYOUT_PLUS\library\SOG.llb
Sun Jun 03 14:45:38 Loaded file C:\PROGRAM FILES\ORCAD\LAYOUT_PLUS\library\SOJ.llb
Sun Jun 03 14:45:39 Loaded file C:\PROGRAM FILES\ORCAD\LAYOUT_PLUS\library\STIFF.llb
Sun Jun 03 14:45:39 Loaded file C:\PROGRAM FILES\ORCAD\LAYOUT_PLUS\library\TELE.llb
Sun Jun 03 14:45:39 Loaded file C:\PROGRAM FILES\ORCAD\LAYOUT_PLUS\library\TM_AXIAL.llb
Sun Jun 03 14:45:39 Loaded file C:\PROGRAM FILES\ORCAD\LAYOUT_PLUS\library\TM_CAP_P.llb
Sun Jun 03 14:45:39 Loaded file C:\PROGRAM FILES\ORCAD\LAYOUT_PLUS\library\TM_CYLND.llb
Sun Jun 03 14:45:40 Loaded file C:\PROGRAM FILES\ORCAD\LAYOUT_PLUS\library\TM_DIODE.llb
Sun Jun 03 14:45:40 Loaded file C:\PROGRAM FILES\ORCAD\LAYOUT_PLUS\library\TM_DISC.llb
Sun Jun 03 14:45:40 Loaded file C:\PROGRAM FILES\ORCAD\LAYOUT_PLUS\library\TM_RAD.llb
Sun Jun 03 14:45:40 Loaded file C:\PROGRAM FILES\ORCAD\LAYOUT_PLUS\library\TO.llb
Sun Jun 03 14:45:41 Loaded file C:\PROGRAM FILES\ORCAD\LAYOUT_PLUS\library\TRAINING.LLB
Sun Jun 03 14:45:41 Loaded file C:\PROGRAM FILES\ORCAD\LAYOUT_PLUS\library\VRES.llb
Sun Jun 03 14:45:41 Loaded file C:\PROGRAM FILES\ORCAD\LAYOUT_PLUS\library\WCON100T.llb
Sun Jun 03 14:45:41 Loaded file C:\PROGRAM FILES\ORCAD\LAYOUT_PLUS\library\XT.llb
Sun Jun 03 14:45:42 Loaded file C:\PROGRAM FILES\ORCAD\LAYOUT_PLUS\library\ZIGZAG.llb
Sun Jun 03 14:45:42 Loaded file C:\MEUS DOCUMENTOS\PROJETOS\TEMPLATE\BLIBIOTECA LAYOUT.LLB
Sun Jun 03 14:45:42 Loaded file C:\MEUS DOCUMENTOS\PROJETOS\TEMPLATE\BLIBIOTECA LAYOUT.LLB
Sun Jun 03 14:45:42 Loaded file C:\MEUS DOCUMENTOS\PROJETOS\TEMPLATE\BLIBIOTECA LAYOUT.LLB
Sun Jun 03 14:45:44 Saved as file C:\MEUS DOCUMENTOS\PROJETOS\BIESTAVEL\BIESTAVEL.MAX
Sun Jun 03 14:45:44 Loaded file C:\MEUS DOCUMENTOS\PROJETOS\BIESTAVEL\BIESTAVEL.MAX
Sun Jun 03 15:05:26 Saved as file C:\MEUS DOCUMENTOS\PROJETOS\BIESTAVEL\BIESTAVEL.MAX
Sun Jun 03 15:05:26 Saved as file BACKUP1.MAX
Sun Jun 03 15:05:26 Saved as file C:\MEUS DOCUMENTOS\PROJETOS\BIESTAVEL\BIESTAVEL.MAX
Sun Jun 03 15:05:27 UserDiv from Layout.INI for AutoECO: 60
Sun Jun 03 15:05:27 Loaded file C:\MEUS DOCUMENTOS\PROJETOS\BIESTAVEL\BIESTAVEL.MAX
Sun Jun 03 15:05:28 Loaded file C:\MEUS DOCUMENTOS\PROJETOS\TEMPLATE\BLIBIOTECA LAYOUT.LLB
Sun Jun 03 15:05:28 Loaded file C:\PROGRAM FILES\ORCAD\LAYOUT_PLUS\library\BCON100T.llb
Sun Jun 03 15:05:29 Loaded file C:\PROGRAM FILES\ORCAD\LAYOUT_PLUS\library\BCON156T.llb
Sun Jun 03 15:05:29 Loaded file C:\PROGRAM FILES\ORCAD\LAYOUT_PLUS\library\BGA.llb
Sun Jun 03 15:05:29 Loaded file C:\PROGRAM FILES\ORCAD\LAYOUT_PLUS\library\CLCC.llb
Sun Jun 03 15:05:30 Loaded file C:\PROGRAM FILES\ORCAD\LAYOUT_PLUS\library\DCON050T.llb
Sun Jun 03 15:05:30 Loaded file C:\PROGRAM FILES\ORCAD\LAYOUT_PLUS\library\DCON085T.llb
Sun Jun 03 15:05:30 Loaded file C:\PROGRAM FILES\ORCAD\LAYOUT_PLUS\library\DIMM050F.llb
Sun Jun 03 15:05:30 Loaded file C:\PROGRAM FILES\ORCAD\LAYOUT_PLUS\library\DIMM050T.llb
Sun Jun 03 15:05:30 Loaded file C:\PROGRAM FILES\ORCAD\LAYOUT_PLUS\library\DIN.llb
Sun Jun 03 15:05:30 Loaded file C:\PROGRAM FILES\ORCAD\LAYOUT_PLUS\library\DIP100B.llb
Sun Jun 03 15:05:30 Loaded file C:\PROGRAM FILES\ORCAD\LAYOUT_PLUS\library\DIP100T.llb
Sun Jun 03 15:05:30 Loaded file C:\PROGRAM FILES\ORCAD\LAYOUT_PLUS\library\DSUBT.llb
Sun Jun 03 15:05:31 Loaded file C:\PROGRAM FILES\ORCAD\LAYOUT_PLUS\library\DSUBT_HD.LLB
Sun Jun 03 15:05:31 Loaded file C:\PROGRAM FILES\ORCAD\LAYOUT_PLUS\library\ECON100T.llb
Sun Jun 03 15:05:31 Loaded file C:\PROGRAM FILES\ORCAD\LAYOUT_PLUS\library\FBUS.llb
Sun Jun 03 15:05:31 Loaded file C:\PROGRAM FILES\ORCAD\LAYOUT_PLUS\library\ISA.llb
Sun Jun 03 15:05:31 Loaded file C:\PROGRAM FILES\ORCAD\LAYOUT_PLUS\library\JUMPER.LLB
Sun Jun 03 15:05:31 Loaded file C:\PROGRAM FILES\ORCAD\LAYOUT_PLUS\library\LAYOUT.llb
Sun Jun 03 15:05:31 Loaded file C:\PROGRAM FILES\ORCAD\LAYOUT_PLUS\library\LCON100T.llb
Sun Jun 03 15:05:31 Loaded file C:\PROGRAM FILES\ORCAD\LAYOUT_PLUS\library\PC104.llb
Sun Jun 03 15:05:31 Loaded file C:\PROGRAM FILES\ORCAD\LAYOUT_PLUS\library\PCI.llb
Sun Jun 03 15:05:31 Loaded file C:\PROGRAM FILES\ORCAD\LAYOUT_PLUS\library\PCON100T.llb
Sun Jun 03 15:05:32 Loaded file C:\PROGRAM FILES\ORCAD\LAYOUT_PLUS\library\PCON156T.llb
Sun Jun 03 15:05:32 Loaded file C:\PROGRAM FILES\ORCAD\LAYOUT_PLUS\library\PGA.llb
Sun Jun 03 15:05:32 Loaded file C:\PROGRAM FILES\ORCAD\LAYOUT_PLUS\library\PLCC.llb
Sun Jun 03 15:05:33 Loaded file C:\PROGRAM FILES\ORCAD\LAYOUT_PLUS\library\QUAD.llb
Sun Jun 03 15:05:33 Loaded file C:\PROGRAM FILES\ORCAD\LAYOUT_PLUS\library\QUADB.llb
Sun Jun 03 15:05:33 Loaded file C:\PROGRAM FILES\ORCAD\LAYOUT_PLUS\library\RELAY.llb
Sun Jun 03 15:05:34 Loaded file C:\PROGRAM FILES\ORCAD\LAYOUT_PLUS\library\RF.llb
Sun Jun 03 15:05:34 Loaded file C:\PROGRAM FILES\ORCAD\LAYOUT_PLUS\library\SBUS.llb
Sun Jun 03 15:05:34 Loaded file C:\PROGRAM FILES\ORCAD\LAYOUT_PLUS\library\SIMM050F.llb
Sun Jun 03 15:05:34 Loaded file C:\PROGRAM FILES\ORCAD\LAYOUT_PLUS\library\SIMM050T.llb
Sun Jun 03 15:05:34 Loaded file C:\PROGRAM FILES\ORCAD\LAYOUT_PLUS\library\SIMM100F.llb
Sun Jun 03 15:05:34 Loaded file C:\PROGRAM FILES\ORCAD\LAYOUT_PLUS\library\SIMM100T.llb
Sun Jun 03 15:05:34 Loaded file C:\PROGRAM FILES\ORCAD\LAYOUT_PLUS\library\SIP.llb
Sun Jun 03 15:05:34 Loaded file C:\PROGRAM FILES\ORCAD\LAYOUT_PLUS\library\SM.llb
Sun Jun 03 15:05:35 Loaded file C:\PROGRAM FILES\ORCAD\LAYOUT_PLUS\library\SOG.llb
Sun Jun 03 15:05:35 Loaded file C:\PROGRAM FILES\ORCAD\LAYOUT_PLUS\library\SOJ.llb
Sun Jun 03 15:05:35 Loaded file C:\PROGRAM FILES\ORCAD\LAYOUT_PLUS\library\STIFF.llb
Sun Jun 03 15:05:35 Loaded file C:\PROGRAM FILES\ORCAD\LAYOUT_PLUS\library\TELE.llb
Sun Jun 03 15:05:35 Loaded file C:\PROGRAM FILES\ORCAD\LAYOUT_PLUS\library\TM_AXIAL.llb
Sun Jun 03 15:05:35 Loaded file C:\PROGRAM FILES\ORCAD\LAYOUT_PLUS\library\TM_CAP_P.llb
Sun Jun 03 15:05:36 Loaded file C:\PROGRAM FILES\ORCAD\LAYOUT_PLUS\library\TM_CYLND.llb
Sun Jun 03 15:05:36 Loaded file C:\PROGRAM FILES\ORCAD\LAYOUT_PLUS\library\TM_DIODE.llb
Sun Jun 03 15:05:36 Loaded file C:\PROGRAM FILES\ORCAD\LAYOUT_PLUS\library\TM_DISC.llb
Sun Jun 03 15:05:36 Loaded file C:\PROGRAM FILES\ORCAD\LAYOUT_PLUS\library\TM_RAD.llb
Sun Jun 03 15:05:37 Loaded file C:\PROGRAM FILES\ORCAD\LAYOUT_PLUS\library\TO.llb
Sun Jun 03 15:05:37 Loaded file C:\PROGRAM FILES\ORCAD\LAYOUT_PLUS\library\TRAINING.LLB
Sun Jun 03 15:05:37 Loaded file C:\PROGRAM FILES\ORCAD\LAYOUT_PLUS\library\VRES.llb
Sun Jun 03 15:05:37 Loaded file C:\PROGRAM FILES\ORCAD\LAYOUT_PLUS\library\WCON100T.llb
Sun Jun 03 15:05:37 Loaded file C:\PROGRAM FILES\ORCAD\LAYOUT_PLUS\library\XT.llb
Sun Jun 03 15:05:37 Loaded file C:\PROGRAM FILES\ORCAD\LAYOUT_PLUS\library\ZIGZAG.llb
Sun Jun 03 15:05:38 Loaded file C:\MEUS DOCUMENTOS\PROJETOS\TEMPLATE\BLIBIOTECA LAYOUT.LLB
Sun Jun 03 15:05:38 Loaded file C:\MEUS DOCUMENTOS\PROJETOS\TEMPLATE\BLIBIOTECA LAYOUT.LLB
Sun Jun 03 15:05:38 Loaded file C:\MEUS DOCUMENTOS\PROJETOS\TEMPLATE\BLIBIOTECA LAYOUT.LLB
Sun Jun 03 15:05:39 Saved as file C:\MEUS DOCUMENTOS\PROJETOS\BIESTAVEL\BIESTAVEL.MAX
Sun Jun 03 15:05:39 Loaded file C:\MEUS DOCUMENTOS\PROJETOS\BIESTAVEL\BIESTAVEL.MAX
Sun Jun 03 17:53:03 Saved as file C:\MEUS DOCUMENTOS\PROJETOS\BIESTAVEL\BIESTAVEL.MAX
Sun Jun 03 17:54:12 Saved as file C:\MEUS DOCUMENTOS\PROJETOS\BIESTAVEL\BIESTAVEL.MAX
Sun Jun 03 17:57:51 Saved as file C:\MEUS DOCUMENTOS\PROJETOS\BIESTAVEL\BIESTAVEL.MAX
Sun Jun 03 17:59:38 Saved as file BACKUP1.MAX
Sun Jun 03 17:59:38 No new connections routed.
Sun Jun 03 17:59:38 Total is now 7 out of 12 (58%).
Sun Jun 03 17:59:38 Saved as file SWEEP1.MAX
Sun Jun 03 17:59:40 Saved as file BACKUP1.MAX
Sun Jun 03 17:59:40 Routed 5 connections in 1 seconds.
Sun Jun 03 17:59:40 Total is now 12 out of 12 (100%).
Sun Jun 03 17:59:40 Saved as file SWEEP2.MAX
Sun Jun 03 17:59:41 No new connections routed.
Sun Jun 03 17:59:41 Total is now 12 out of 12 (100%).
Sun Jun 03 17:59:41 Saved as file SWEEP3.MAX
Sun Jun 03 17:59:42 No new connections routed.
Sun Jun 03 17:59:42 Total is now 12 out of 12 (100%).
Sun Jun 03 17:59:42 Saved as file SWEEP4.MAX
Sun Jun 03 17:59:43 No new connections routed.
Sun Jun 03 17:59:43 Total is now 12 out of 12 (100%).
Sun Jun 03 17:59:43 Saved as file SWEEP5.MAX
Sun Jun 03 18:04:14 Saved as file C:\MEUS DOCUMENTOS\PROJETOS\BIESTAVEL\BIESTAVEL.MAX
Sun Jun 03 18:05:17 Saved as file C:\MEUS DOCUMENTOS\PROJETOS\BIESTAVEL\BIESTAVEL.MAX
Sun Jun 03 18:05:18 Saved as file C:\MEUS DOCUMENTOS\PROJETOS\BIESTAVEL\BIESTAVEL.MAX
Sun Jun 03 18:06:25 Saved as file C:\MEUS DOCUMENTOS\PROJETOS\BIESTAVEL\BIESTAVEL.MAX
Sun Jun 03 18:07:07 Saved as file C:\MEUS DOCUMENTOS\PROJETOS\BIESTAVEL\BIESTAVEL.MAX
Sun Jun 03 18:07:17 Saved as file C:\MEUS DOCUMENTOS\PROJETOS\BIESTAVEL\BIESTAVEL.MAX
Sun Jun 03 18:19:48 Saved as file C:\MEUS DOCUMENTOS\PROJETOS\BIESTAVEL\BIESTAVEL.MAX
Sun Jun 03 18:22:49 Saved as file C:\MEUS DOCUMENTOS\PROJETOS\BIESTAVEL\BIESTAVEL.MAX
Sun Jun 03 18:25:04 Loaded file C:\MEUS DOCUMENTOS\PROJETOS\BIESTAVEL\BIESTAVEL.MAX
Sun Jun 03 18:25:05 Loaded file C:\MEUS DOCUMENTOS\PROJETOS\TEMPLATE\BLIBIOTECA LAYOUT.LLB
Sun Jun 03 18:25:05 Loaded file C:\PROGRAM FILES\ORCAD\LAYOUT_PLUS\library\BCON100T.llb
Sun Jun 03 18:25:05 Loaded file C:\PROGRAM FILES\ORCAD\LAYOUT_PLUS\library\BCON156T.llb
Sun Jun 03 18:25:06 Loaded file C:\PROGRAM FILES\ORCAD\LAYOUT_PLUS\library\BGA.llb
Sun Jun 03 18:25:07 Loaded file C:\PROGRAM FILES\ORCAD\LAYOUT_PLUS\library\CLCC.llb
Sun Jun 03 18:25:07 Loaded file C:\PROGRAM FILES\ORCAD\LAYOUT_PLUS\library\DCON050T.llb
Sun Jun 03 18:25:07 Loaded file C:\PROGRAM FILES\ORCAD\LAYOUT_PLUS\library\DCON085T.llb
Sun Jun 03 18:25:07 Loaded file C:\PROGRAM FILES\ORCAD\LAYOUT_PLUS\library\DIMM050F.llb
Sun Jun 03 18:25:07 Loaded file C:\PROGRAM FILES\ORCAD\LAYOUT_PLUS\library\DIMM050T.llb
Sun Jun 03 18:25:07 Loaded file C:\PROGRAM FILES\ORCAD\LAYOUT_PLUS\library\DIN.llb
Sun Jun 03 18:25:08 Loaded file C:\PROGRAM FILES\ORCAD\LAYOUT_PLUS\library\DIP100B.llb
Sun Jun 03 18:25:08 Loaded file C:\PROGRAM FILES\ORCAD\LAYOUT_PLUS\library\DIP100T.llb
Sun Jun 03 18:25:08 Loaded file C:\PROGRAM FILES\ORCAD\LAYOUT_PLUS\library\DSUBT.llb
Sun Jun 03 18:25:08 Loaded file C:\PROGRAM FILES\ORCAD\LAYOUT_PLUS\library\DSUBT_HD.LLB
Sun Jun 03 18:25:08 Loaded file C:\PROGRAM FILES\ORCAD\LAYOUT_PLUS\library\ECON100T.llb
Sun Jun 03 18:25:08 Loaded file C:\PROGRAM FILES\ORCAD\LAYOUT_PLUS\library\FBUS.llb
Sun Jun 03 18:25:08 Loaded file C:\PROGRAM FILES\ORCAD\LAYOUT_PLUS\library\ISA.llb
Sun Jun 03 18:25:09 Loaded file C:\PROGRAM FILES\ORCAD\LAYOUT_PLUS\library\JUMPER.LLB
Sun Jun 03 18:25:09 Loaded file C:\PROGRAM FILES\ORCAD\LAYOUT_PLUS\library\LAYOUT.llb
Sun Jun 03 18:25:09 Loaded file C:\PROGRAM FILES\ORCAD\LAYOUT_PLUS\library\LCON100T.llb
Sun Jun 03 18:25:09 Loaded file C:\PROGRAM FILES\ORCAD\LAYOUT_PLUS\library\PC104.llb
Sun Jun 03 18:25:09 Loaded file C:\PROGRAM FILES\ORCAD\LAYOUT_PLUS\library\PCI.llb
Sun Jun 03 18:25:09 Loaded file C:\PROGRAM FILES\ORCAD\LAYOUT_PLUS\library\PCON100T.llb
Sun Jun 03 18:25:09 Loaded file C:\PROGRAM FILES\ORCAD\LAYOUT_PLUS\library\PCON156T.llb
Sun Jun 03 18:25:10 Loaded file C:\PROGRAM FILES\ORCAD\LAYOUT_PLUS\library\PGA.llb
Sun Jun 03 18:25:10 Loaded file C:\PROGRAM FILES\ORCAD\LAYOUT_PLUS\library\PLCC.llb
Sun Jun 03 18:25:11 Loaded file C:\PROGRAM FILES\ORCAD\LAYOUT_PLUS\library\QUAD.llb
Sun Jun 03 18:25:12 Loaded file C:\PROGRAM FILES\ORCAD\LAYOUT_PLUS\library\QUADB.llb
Sun Jun 03 18:25:12 Loaded file C:\PROGRAM FILES\ORCAD\LAYOUT_PLUS\library\RELAY.llb
Sun Jun 03 18:25:12 Loaded file C:\PROGRAM FILES\ORCAD\LAYOUT_PLUS\library\RF.llb
Sun Jun 03 18:25:12 Loaded file C:\PROGRAM FILES\ORCAD\LAYOUT_PLUS\library\SBUS.llb
Sun Jun 03 18:25:12 Loaded file C:\PROGRAM FILES\ORCAD\LAYOUT_PLUS\library\SIMM050F.llb
Sun Jun 03 18:25:13 Loaded file C:\PROGRAM FILES\ORCAD\LAYOUT_PLUS\library\SIMM050T.llb
Sun Jun 03 18:25:13 Loaded file C:\PROGRAM FILES\ORCAD\LAYOUT_PLUS\library\SIMM100F.llb
Sun Jun 03 18:25:13 Loaded file C:\PROGRAM FILES\ORCAD\LAYOUT_PLUS\library\SIMM100T.llb
Sun Jun 03 18:25:13 Loaded file C:\PROGRAM FILES\ORCAD\LAYOUT_PLUS\library\SIP.llb
Sun Jun 03 18:25:13 Loaded file C:\PROGRAM FILES\ORCAD\LAYOUT_PLUS\library\SM.llb
Sun Jun 03 18:25:14 Loaded file C:\PROGRAM FILES\ORCAD\LAYOUT_PLUS\library\SOG.llb
Sun Jun 03 18:25:14 Loaded file C:\PROGRAM FILES\ORCAD\LAYOUT_PLUS\library\SOJ.llb
Sun Jun 03 18:25:14 Loaded file C:\PROGRAM FILES\ORCAD\LAYOUT_PLUS\library\STIFF.llb
Sun Jun 03 18:25:14 Loaded file C:\PROGRAM FILES\ORCAD\LAYOUT_PLUS\library\TELE.llb
Sun Jun 03 18:25:15 Loaded file C:\PROGRAM FILES\ORCAD\LAYOUT_PLUS\library\TM_AXIAL.llb
Sun Jun 03 18:25:15 Loaded file C:\PROGRAM FILES\ORCAD\LAYOUT_PLUS\library\TM_CAP_P.llb
Sun Jun 03 18:25:15 Loaded file C:\PROGRAM FILES\ORCAD\LAYOUT_PLUS\library\TM_CYLND.llb
Sun Jun 03 18:25:15 Loaded file C:\PROGRAM FILES\ORCAD\LAYOUT_PLUS\library\TM_DIODE.llb
Sun Jun 03 18:25:16 Loaded file C:\PROGRAM FILES\ORCAD\LAYOUT_PLUS\library\TM_DISC.llb
Sun Jun 03 18:25:16 Loaded file C:\PROGRAM FILES\ORCAD\LAYOUT_PLUS\library\TM_RAD.llb
Sun Jun 03 18:25:16 Loaded file C:\PROGRAM FILES\ORCAD\LAYOUT_PLUS\library\TO.llb
Sun Jun 03 18:25:17 Loaded file C:\PROGRAM FILES\ORCAD\LAYOUT_PLUS\library\TRAINING.LLB
Sun Jun 03 18:25:17 Loaded file C:\PROGRAM FILES\ORCAD\LAYOUT_PLUS\library\VRES.llb
Sun Jun 03 18:25:17 Loaded file C:\PROGRAM FILES\ORCAD\LAYOUT_PLUS\library\WCON100T.llb
Sun Jun 03 18:25:17 Loaded file C:\PROGRAM FILES\ORCAD\LAYOUT_PLUS\library\XT.llb
Sun Jun 03 18:25:17 Loaded file C:\PROGRAM FILES\ORCAD\LAYOUT_PLUS\library\ZIGZAG.llb
Sun Jun 03 19:16:42 Saved as file C:\MEUS DOCUMENTOS\PROJETOS\BIESTAVEL\BIESTAVEL.MAX
Sun Jun 03 19:17:26 Loaded file C:\Meus documentos\Projetos\Biestavel\BIESTAVEL.MAX
Sun Jun 03 19:21:43 Saved as file C:\MEUS DOCUMENTOS\PROJETOS\BIESTAVEL\BIESTAVEL.MAX
Sun Jun 03 19:22:04 Loaded file C:\Meus documentos\Projetos\Biestavel\BIESTAVEL.MAX
Sat Jun 09 21:18:37 Saved as file BACKUP1.MAX
